<?xml version="1.0" encoding="UTF-8"?>
<!-- Generated by org.testng.reporters.JUnitReportReporter -->
<testsuite hostname="DESKTOP-K42ITB2" failures="0" tests="3" name="com.tmb.tests.UpdateTest" time="266.137" errors="0" timestamp="2023-08-23T10:03:30 IST" skipped="0">
  <testcase classname="com.tmb.tests.UpdateTest" name="profileTest" time="91.186"/>
  <system-out/>
  <testcase classname="com.tmb.tests.UpdateTest" name="profileTest" time="74.582"/>
  <system-out/>
  <testcase classname="com.tmb.tests.UpdateTest" name="profileTest" time="100.369"/>
  <system-out/>
</testsuite> <!-- com.tmb.tests.UpdateTest -->
