<?xml version="1.0" encoding="UTF-8"?>
<!-- Generated by org.testng.reporters.JUnitReportReporter -->
<testsuite hostname="DESKTOP-K42ITB2" failures="0" tests="5" name="com.tmb.tests.UpdateTest" time="220.528" errors="0" timestamp="2023-06-25T20:44:20 IST" skipped="0">
  <testcase classname="com.tmb.tests.UpdateTest" name="profileTest" time="39.618"/>
  <system-out/>
  <testcase classname="com.tmb.tests.UpdateTest" name="profileTest" time="37.116"/>
  <system-out/>
  <testcase classname="com.tmb.tests.UpdateTest" name="profileTest" time="46.697"/>
  <system-out/>
  <testcase classname="com.tmb.tests.UpdateTest" name="profileTest" time="30.154"/>
  <system-out/>
  <testcase classname="com.tmb.tests.UpdateTest" name="profileTest" time="66.943"/>
  <system-out/>
</testsuite> <!-- com.tmb.tests.UpdateTest -->
